<?xml version="1.0" encoding="UTF-8"?>
<!-- Generated by org.testng.reporters.JUnitReportReporter -->
<testsuite hostname="IN-5CG1240NVG" failures="0" tests="1" name="test.CreateNewUserTest" time="1.685" errors="0" timestamp="05 Apr 2022 06:50:15 GMT" skipped="0">
  <testcase classname="test.CreateNewUserTest" name="createUserTest" time="1.685"/>
</testsuite> <!-- test.CreateNewUserTest -->
