<?xml version="1.0" encoding="UTF-8"?>
<!-- Generated by org.testng.reporters.JUnitReportReporter -->
<testsuite hostname="IN-5CG1240NVG" failures="0" tests="1" name="test.GetBookByISBNAndTitleTest" time="122.062" errors="0" timestamp="05 Apr 2022 03:22:11 GMT" skipped="0">
  <testcase classname="test.GetBookByISBNAndTitleTest" name="getBookByIsbnAndTitleTest" time="122.062"/>
</testsuite> <!-- test.GetBookByISBNAndTitleTest -->
