<?xml version="1.0" encoding="UTF-8"?>
<!-- Generated by org.testng.reporters.JUnitReportReporter -->
<testsuite hostname="IN-5CG1240NVG" failures="0" tests="1" name="test.GetAllBooksTest" time="1.250" errors="0" timestamp="04 Apr 2022 15:34:54 GMT" skipped="0">
  <testcase classname="test.GetAllBooksTest" name="getAllBookTest" time="1.250"/>
</testsuite> <!-- test.GetAllBooksTest -->
