<?xml version="1.0" encoding="UTF-8"?>
<!-- Generated by org.testng.reporters.JUnitReportReporter -->
<testsuite hostname="IN-5CG1240NVG" failures="0" tests="1" name="test.GetBookByISBNTest" time="1.439" errors="0" timestamp="05 Apr 2022 03:11:34 GMT" skipped="0">
  <testcase classname="test.GetBookByISBNTest" name="getBookByIsbnTest" time="1.439"/>
</testsuite> <!-- test.GetBookByISBNTest -->
